app/build/intermediates/manifest_merge_blame_file/debug/processDebugMainManifest/manifest-merger-blame-debug-report.txt
1<?xml version="1.0" encoding="utf-8"?>
2<manifest xmlns:android="http://schemas.android.com/apk/res/android"
3    package="com.example.gestionotes"
4    android:versionCode="1"
5    android:versionName="1.0" >
6
7    <uses-sdk
8        android:minSdkVersion="23"
9        android:targetSdkVersion="35" />
10
11    <application
11-->src\main\AndroidManifest.xml:3:5-24:19
12        android:allowBackup="true"
12-->src\main\AndroidManifest.xml:4:9-35
13        android:debuggable="true"
14        android:extractNativeLibs="false"
15        android:icon="@drawable/ic_launcher"
15-->src\main\AndroidManifest.xml:5:9-45
16        android:label="@string/app_name"
16-->src\main\AndroidManifest.xml:6:9-41
17        android:roundIcon="@drawable/ic_launcher_round"
17-->src\main\AndroidManifest.xml:7:9-56
18        android:supportsRtl="true"
18-->src\main\AndroidManifest.xml:8:9-35
19        android:testOnly="true"
20        android:theme="@style/AppTheme" >
20-->src\main\AndroidManifest.xml:9:9-40
21        <activity
21-->src\main\AndroidManifest.xml:11:9-13:40
22            android:name="com.example.gestionotes.EditNoteActivity"
22-->src\main\AndroidManifest.xml:12:13-45
23            android:exported="false" />
23-->src\main\AndroidManifest.xml:13:13-37
24        <activity
24-->src\main\AndroidManifest.xml:15:9-22:20
25            android:name="com.example.gestionotes.MainActivity"
25-->src\main\AndroidManifest.xml:16:13-41
26            android:exported="true" >
26-->src\main\AndroidManifest.xml:17:13-36
27            <intent-filter>
27-->src\main\AndroidManifest.xml:18:13-21:29
28                <action android:name="android.intent.action.MAIN" />
28-->src\main\AndroidManifest.xml:19:17-69
28-->src\main\AndroidManifest.xml:19:25-66
29
30                <category android:name="android.intent.category.LAUNCHER" />
30-->src\main\AndroidManifest.xml:20:17-77
30-->src\main\AndroidManifest.xml:20:27-74
31            </intent-filter>
32        </activity>
33    </application>
34
35</manifest>